\BOOKMARK [0][-]{chapter*.1}{Summary}{}% 1
\BOOKMARK [0][-]{chapter*.2}{Acknowledgments}{}% 2
\BOOKMARK [0][-]{chapter.1}{1 Introduction}{}% 3
\BOOKMARK [1][-]{section.1.1}{1.1 Smoothed Particle Hydronamics}{chapter.1}% 4
\BOOKMARK [2][-]{subsection.1.1.1}{1.1.1 SPH Formulation}{section.1.1}% 5
\BOOKMARK [1][-]{section.1.2}{1.2 Section}{chapter.1}% 6
\BOOKMARK [0][-]{chapter.2}{2 Swimmer Model}{}% 7
\BOOKMARK [1][-]{section.2.1}{2.1 Swimmers in Nature}{chapter.2}% 8
\BOOKMARK [2][-]{subsection.2.1.1}{2.1.1 Microscopic Swimmers}{section.2.1}% 9
\BOOKMARK [2][-]{subsection.2.1.2}{2.1.2 Macroscopic Swimmers}{section.2.1}% 10
\BOOKMARK [1][-]{section.2.2}{2.2 Swimmer Mechanics}{chapter.2}% 11
\BOOKMARK [0][-]{chapter.3}{3 LAMMPS Code Modifications}{}% 12
\BOOKMARK [1][-]{section.3.1}{3.1 LAMMPS SPH module test case}{chapter.3}% 13
\BOOKMARK [1][-]{section.3.2}{3.2 Section}{chapter.3}% 14
\BOOKMARK [0][-]{chapter.4}{4 Conclusions and Outlook}{}% 15
\BOOKMARK [0][-]{appendix.A}{A Appendix}{}% 16
\BOOKMARK [1][-]{section.A.1}{A.1 Input file for Shear Cavity Flow simulation}{appendix.A}% 17
\BOOKMARK [0][-]{appendix*.4}{List of Figures}{}% 18
\BOOKMARK [0][-]{appendix*.5}{Bibliography}{}% 19
\BOOKMARK [0][-]{appendix*.6}{Declaration}{}% 20
